<?xml version="1.0" encoding="UTF-8" ?>
<testsuite tests="4" failures="1" name="cart.TestCart" time="104.176" errors="0" skipped="0">
  <properties>
[...]
</properties>
  <testcase classname="cart.TestCart" name="testVerifyPriceInCartWithMultipleProducts" time="20.669"/>
  <testcase classname="cart.TestCart" name="testIncreaseQuantityAndVerifyResult" time="35.969">
    <failure message="Cannot find element!" type="java.lang.AssertionError">java.lang.AssertionError: Cannot find element!
	at org.junit.Assert.fail(Assert.java:88)
	at cart.TestCart.testIncreaseQuantityAndVerifyResult(TestCart.java:181)
	at sun.reflect.NativeMethodAccessorImpl.invoke0(Native Method)
	at sun.reflect.NativeMethodAccessorImpl.invoke(NativeMethodAccessorImpl.java:62)
	at sun.reflect.DelegatingMethodAccessorImpl.invoke(DelegatingMethodAccessorImpl.java:43)
	at java.lang.reflect.Method.invoke(Method.java:498)
	at org.junit.runners.model.FrameworkMethod$1.runReflectiveCall(FrameworkMethod.java:50)
	at org.junit.internal.runners.model.ReflectiveCallable.run(ReflectiveCallable.java:12)
	at org.junit.runners.model.FrameworkMethod.invokeExplosively(FrameworkMethod.java:47)
	at org.junit.internal.runners.statements.InvokeMethod.evaluate(InvokeMethod.java:17)
	at org.junit.internal.runners.statements.RunBefores.evaluate(RunBefores.java:26)
	at org.junit.internal.runners.statements.RunAfters.evaluate(RunAfters.java:27)
	at org.junit.runners.ParentRunner.runLeaf(ParentRunner.java:325)
	at org.junit.runners.BlockJUnit4ClassRunner.runChild(BlockJUnit4ClassRunner.java:78)
	at org.junit.runners.BlockJUnit4ClassRunner.runChild(BlockJUnit4ClassRunner.java:57)
	at org.junit.runners.ParentRunner$3.run(ParentRunner.java:290)
	at org.junit.runners.ParentRunner$1.schedule(ParentRunner.java:71)
	at org.junit.runners.ParentRunner.runChildren(ParentRunner.java:288)
	at org.junit.runners.ParentRunner.access$000(ParentRunner.java:58)
	at org.junit.runners.ParentRunner$2.evaluate(ParentRunner.java:268)
	at org.junit.internal.runners.statements.RunBefores.evaluate(RunBefores.java:26)
	at org.junit.internal.runners.statements.RunAfters.evaluate(RunAfters.java:27)
	at org.junit.runners.ParentRunner.run(ParentRunner.java:363)
	at org.apache.maven.surefire.junit4.JUnit4Provider.execute(JUnit4Provider.java:252)
	at org.apache.maven.surefire.junit4.JUnit4Provider.executeTestSet(JUnit4Provider.java:141)
	at org.apache.maven.surefire.junit4.JUnit4Provider.invoke(JUnit4Provider.java:112)
	at sun.reflect.NativeMethodAccessorImpl.invoke0(Native Method)
	at sun.reflect.NativeMethodAccessorImpl.invoke(NativeMethodAccessorImpl.java:62)
	at sun.reflect.DelegatingMethodAccessorImpl.invoke(DelegatingMethodAccessorImpl.java:43)
	at java.lang.reflect.Method.invoke(Method.java:498)
	at org.apache.maven.surefire.util.ReflectionUtils.invokeMethodWithArray(ReflectionUtils.java:189)
	at org.apache.maven.surefire.booter.ProviderFactory$ProviderProxy.invoke(ProviderFactory.java:165)
	at org.apache.maven.surefire.booter.ProviderFactory.invokeProvider(ProviderFactory.java:85)
	at org.apache.maven.surefire.booter.ForkedBooter.runSuitesInProcess(ForkedBooter.java:115)
	at org.apache.maven.surefire.booter.ForkedBooter.main(ForkedBooter.java:75)
</failure>
    <system-out>GEOMAG Kor 2.0 blätt konstruktionsset
</system-out>
    <system-err>1493124808379	geckodriver	INFO	Listening on 127.0.0.1:17194
1493124808941	geckodriver::marionette	INFO	Starting browser \\?\C:\Program Files (x86)\Mozilla Firefox\firefox.exe with args [&quot;-marionette&quot;]
1493124809153	addonJavaScript error: resource://gre/modules/AddonManager.jsms.manager	ERROR	startup failed: [Exception... &quot;Component returned fai, line 1657: NS_ERROR_NOT_INITIALIZED: AddonManager is not initialized
lure code: 0x80070057 (NS_ERROR_ILLEGAL_VALUE) [nsIFile.create]&quot;  nsresult: &quot;0x80070057 (NS_ERROR_ILLEGAL_VALUE)&quot;  location: &quot;JS frame :: resource://gre/modules/FileUtils.jsm :: FileUtils_getDir :: line 70&quot;  data: no] Stack trace: FileUtils_getDir()@resource://gre/modules/FileUtils.jsm:70 &lt; FileUtils_getFile()@resource://gre/modules/FileUtils.jsm:42 &lt; validateBlocklist()@resource://gre/modules/AddonManager.jsm:671 &lt; startup()@resource://gre/modules/AddonManager.jsm:834 &lt; startup()@resource://gre/modules/AddonManager.jsm:3129 &lt; observe()@resource://gre/components/addonManager.js:65
[GFX1]: Potential driver version mismatch ignored due to missing DLLs 0.0.0.0 and 0.0.0.0
1493124813354	Marionette	INFO	Listening on port 64872
JavaScript error: resource://gre/modules/AddonManager.jsm, line 2570: NS_ERROR_NOT_INITIALIZED: AddonManager is not initialized
apr 25, 2017 2:53:34 EM org.openqa.selenium.remote.ProtocolHandshake createSession
INFO: Detected dialect: W3C
JavaScript error: resource://gre/modules/FileUtils.jsm, line 70: NS_ERROR_ILLEGAL_VALUE: Component returned failure code: 0x80070057 (NS_ERROR_ILLEGAL_VALUE) [nsIFile.create]
apr 25, 2017 2:54:03 EM cart.TestCart testIncreaseQuantityAndVerifyResult
INFO: Unable to locate element: .//*[@id=&apos;b_quantity_1&apos;]
For documentation on this error, please visit: http://seleniumhq.org/exceptions/no_such_element.html
Build info: version: &apos;3.4.0&apos;, revision: &apos;unknown&apos;, time: &apos;unknown&apos;
System info: host: &apos;DESKTOP-SJO0L42&apos;, ip: &apos;192.168.0.102&apos;, os.name: &apos;Windows 10&apos;, os.arch: &apos;amd64&apos;, os.version: &apos;10.0&apos;, java.version: &apos;1.8.0_101&apos;
Driver info: org.openqa.selenium.firefox.FirefoxDriver
Capabilities [{moz:profile=C:\Users\dansj\AppData\Local\Temp\rust_mozprofile.LEaX1kpkhp8y, rotatable=false, timeouts={implicit=0.0, pageLoad=300000.0, script=30000.0}, pageLoadStrategy=normal, platform=ANY, specificationLevel=0.0, moz:accessibilityChecks=false, acceptInsecureCerts=false, browserVersion=53.0, platformVersion=10.0, moz:processID=5808.0, browserName=firefox, javascriptEnabled=true, platformName=windows_nt}]
Session ID: cf5ec750-bff5-4364-adf5-7205156118d7
*** Element info: {Using=xpath, value=.//*[@id=&apos;b_quantity_1&apos;]}
1493124843873	Marionette	INFO	New connections will no longer be accepted
</system-err>
  </testcase>
  <testcase classname="cart.TestCart" name="testAddProductToCart" time="28.128"/>
  <testcase classname="cart.TestCart" name="testDecreaseQuantityAndVerifyResult" time="19.41"/>
</testsuite>